<?xml version="1.0" encoding="UTF-8"?>
<!-- Generated by org.testng.reporters.JUnitXMLReporter -->
<testsuite hostname="LAPTOP-U32BOAQF" ignored="0" name="Test" tests="4" failures="0" timestamp="30 Apr 2018 06:56:45 GMT" time="113.303" errors="0">
  <testcase name="testInvalidLogin" time="23.48" classname="com.actitime.tests.InvalidLoginTest"/>
  <testcase name="validLoginLogout" time="13.168" classname="com.actitime.tests.ValidLoginLogoutTest"/>
  <testcase name="testVerifyBuildNumber" time="21.829" classname="com.actitime.tests.VerifyBuildNumberTest"/>
  <testcase name="testVerifyVersion" time="0.152" classname="com.actitime.tests.VerifyVersionTest"/>
</testsuite> <!-- Test -->
